This is pdfTeX, Version 3.1415926-2.4-1.40.13 (MiKTeX 2.9) (preloaded format=pdflatex 2013.10.26)  14 DEC 2013 22:51
entering extended mode
**diploma.tex
(C:\Users\bojtip\Desktop\UAV\doksi\TEX\diploma.tex
LaTeX2e <2011/06/27>
Babel <v3.8m> and hyphenation patterns for english, afrikaans, ancientgreek, arabic, armenian, assamese, basque, bengali
, bokmal, bulgarian, catalan, coptic, croatian, czech, danish, dutch, esperanto, estonian, farsi, finnish, french, galic
ian, german, german-x-2012-05-30, greek, gujarati, hindi, hungarian, icelandic, indonesian, interlingua, irish, italian,
 kannada, kurmanji, latin, latvian, lithuanian, malayalam, marathi, mongolian, mongolianlmc, monogreek, ngerman, ngerman
-x-2012-05-30, nynorsk, oriya, panjabi, pinyin, polish, portuguese, romanian, russian, sanskrit, serbian, slovak, sloven
ian, spanish, swedish, swissgerman, tamil, telugu, turkish, turkmen, ukenglish, ukrainian, uppersorbian, usenglishmax, w
elsh, loaded.
("C:\Program Files (x86)\MiKTeX 2.9\tex\latex\base\report.cls"
Document Class: report 2007/10/19 v1.4h Standard LaTeX document class
("C:\Program Files (x86)\MiKTeX 2.9\tex\latex\base\size11.clo"
File: size11.clo 2007/10/19 v1.4h Standard LaTeX file (size option)
)
\c@part=\count79
\c@chapter=\count80
\c@section=\count81
\c@subsection=\count82
\c@subsubsection=\count83
\c@paragraph=\count84
\c@subparagraph=\count85
\c@figure=\count86
\c@table=\count87
\abovecaptionskip=\skip41
\belowcaptionskip=\skip42
\bibindent=\dimen102
)
("C:\Program Files (x86)\MiKTeX 2.9\tex\latex\base\t1enc.sty"
Package: t1enc 1994/06/01 Standard LaTeX package
)
("C:\Program Files (x86)\MiKTeX 2.9\tex\latex\base\inputenc.sty"
Package: inputenc 2008/03/30 v1.1d Input encoding file
\inpenc@prehook=\toks14
\inpenc@posthook=\toks15

("C:\Program Files (x86)\MiKTeX 2.9\tex\latex\base\latin2.def"
File: latin2.def 2008/03/30 v1.1d Input encoding file
))
("C:\Program Files (x86)\MiKTeX 2.9\tex\latex\amsmath\amsmath.sty"
Package: amsmath 2013/01/14 v2.14 AMS math features
\@mathmargin=\skip43

For additional information on amsmath, use the `?' option.
("C:\Program Files (x86)\MiKTeX 2.9\tex\latex\amsmath\amstext.sty"
Package: amstext 2000/06/29 v2.01

("C:\Program Files (x86)\MiKTeX 2.9\tex\latex\amsmath\amsgen.sty"
File: amsgen.sty 1999/11/30 v2.0
\@emptytoks=\toks16
\ex@=\dimen103
))
("C:\Program Files (x86)\MiKTeX 2.9\tex\latex\amsmath\amsbsy.sty"
Package: amsbsy 1999/11/29 v1.2d
\pmbraise@=\dimen104
)
("C:\Program Files (x86)\MiKTeX 2.9\tex\latex\amsmath\amsopn.sty"
Package: amsopn 1999/12/14 v2.01 operator names
)
\inf@bad=\count88
LaTeX Info: Redefining \frac on input line 210.
\uproot@=\count89
\leftroot@=\count90
LaTeX Info: Redefining \overline on input line 306.
\classnum@=\count91
\DOTSCASE@=\count92
LaTeX Info: Redefining \ldots on input line 378.
LaTeX Info: Redefining \dots on input line 381.
LaTeX Info: Redefining \cdots on input line 466.
\Mathstrutbox@=\box26
\strutbox@=\box27
\big@size=\dimen105
LaTeX Font Info:    Redeclaring font encoding OML on input line 566.
LaTeX Font Info:    Redeclaring font encoding OMS on input line 567.
\macc@depth=\count93
\c@MaxMatrixCols=\count94
\dotsspace@=\muskip10
\c@parentequation=\count95
\dspbrk@lvl=\count96
\tag@help=\toks17
\row@=\count97
\column@=\count98
\maxfields@=\count99
\andhelp@=\toks18
\eqnshift@=\dimen106
\alignsep@=\dimen107
\tagshift@=\dimen108
\tagwidth@=\dimen109
\totwidth@=\dimen110
\lineht@=\dimen111
\@envbody=\toks19
\multlinegap=\skip44
\multlinetaggap=\skip45
\mathdisplay@stack=\toks20
LaTeX Info: Redefining \[ on input line 2665.
LaTeX Info: Redefining \] on input line 2666.
)
("C:\Program Files (x86)\MiKTeX 2.9\tex\latex\amsfonts\amssymb.sty"
Package: amssymb 2013/01/14 v3.01 AMS font symbols

("C:\Program Files (x86)\MiKTeX 2.9\tex\latex\amsfonts\amsfonts.sty"
Package: amsfonts 2013/01/14 v3.01 Basic AMSFonts support
\symAMSa=\mathgroup4
\symAMSb=\mathgroup5
LaTeX Font Info:    Overwriting math alphabet `\mathfrak' in version `bold'
(Font)                  U/euf/m/n --> U/euf/b/n on input line 106.
))
("C:\Program Files (x86)\MiKTeX 2.9\tex\latex\tools\enumerate.sty"
Package: enumerate 1999/03/05 v3.00 enumerate extensions (DPC)
\@enLab=\toks21
)
("C:\Program Files (x86)\MiKTeX 2.9\tex\latex\ntheorem\ntheorem.sty"
Style `ntheorem', Version 1.33 <2011/08/15>
Package: ntheorem 2011/08/15 1.33
("C:\Program Files (x86)\MiKTeX 2.9\tex\latex\base\ifthen.sty"
Package: ifthen 2001/05/26 v1.1c Standard LaTeX ifthen package (DPC)
)
\theorem@style=\toks22
\theorem@@style=\toks23
\theorembodyfont=\toks24
\theoremnumbering=\toks25
\theorempreskipamount=\skip46
\theorempostskipamount=\skip47
\theoremframepreskipamount=\skip48
\theoremframepostskipamount=\skip49
\theoreminframepreskipamount=\skip50
\theoreminframepostskipamount=\skip51
\theorem@preskip=\toks26
\theorem@postskip=\toks27
\theorem@framepreskip=\toks28
\theorem@framepostskip=\toks29
\theorem@inframepreskip=\toks30
\theorem@inframepostskip=\toks31
\theoremindent=\dimen112
\theorem@indent=\dimen113
\theoremrightindent=\dimen114
\theorem@rightindent=\dimen115
\theoremheaderfont=\toks32
\theoremseparator=\toks33
\theoremprework=\toks34
\theorempostwork=\toks35
\theoremsymbol=\toks36
\qedsymbol=\toks37
\theoremkeyword=\toks38
\qedsymbol=\toks39
\thm@topsep=\skip52
\thm@topsepadd=\skip53
Package ntheorem Info: Option `thmmarks' loaded on input line 1175.
\c@endNonectr=\count100
\c@currNonectr=\count101
\mysavskip=\skip54
)
("C:\Program Files (x86)\MiKTeX 2.9\tex\latex\graphics\graphics.sty"
Package: graphics 2009/02/05 v1.0o Standard LaTeX Graphics (DPC,SPQR)

("C:\Program Files (x86)\MiKTeX 2.9\tex\latex\graphics\trig.sty"
Package: trig 1999/03/16 v1.09 sin cos tan (DPC)
)
("C:\Program Files (x86)\MiKTeX 2.9\tex\latex\00miktex\graphics.cfg"
File: graphics.cfg 2007/01/18 v1.5 graphics configuration of teTeX/TeXLive
)
Package graphics Info: Driver file: pdftex.def on input line 91.

("C:\Program Files (x86)\MiKTeX 2.9\tex\latex\pdftex-def\pdftex.def"
File: pdftex.def 2011/05/27 v0.06d Graphics/color for pdfTeX

("C:\Program Files (x86)\MiKTeX 2.9\tex\generic\oberdiek\infwarerr.sty"
Package: infwarerr 2010/04/08 v1.3 Providing info/warning/error messages (HO)
)
("C:\Program Files (x86)\MiKTeX 2.9\tex\generic\oberdiek\ltxcmds.sty"
Package: ltxcmds 2011/11/09 v1.22 LaTeX kernel commands for general use (HO)
)
\Gread@gobject=\count102
))
("C:\Program Files (x86)\MiKTeX 2.9\tex\latex\graphics\epsfig.sty"
Package: epsfig 1999/02/16 v1.7a (e)psfig emulation (SPQR)

("C:\Program Files (x86)\MiKTeX 2.9\tex\latex\graphics\graphicx.sty"
Package: graphicx 1999/02/16 v1.0f Enhanced LaTeX Graphics (DPC,SPQR)

("C:\Program Files (x86)\MiKTeX 2.9\tex\latex\graphics\keyval.sty"
Package: keyval 1999/03/16 v1.13 key=value parser (DPC)
\KV@toks@=\toks40
)
\Gin@req@height=\dimen116
\Gin@req@width=\dimen117
)
\epsfxsize=\dimen118
\epsfysize=\dimen119
)
("C:\Program Files (x86)\MiKTeX 2.9\tex\latex\listings\listings.sty"
\lst@mode=\count103
\lst@gtempboxa=\box28
\lst@token=\toks41
\lst@length=\count104
\lst@currlwidth=\dimen120
\lst@column=\count105
\lst@pos=\count106
\lst@lostspace=\dimen121
\lst@width=\dimen122
\lst@newlines=\count107
\lst@lineno=\count108
\lst@maxwidth=\dimen123

("C:\Program Files (x86)\MiKTeX 2.9\tex\latex\listings\lstmisc.sty"
File: lstmisc.sty 2013/08/26 1.5b (Carsten Heinz)
\c@lstnumber=\count109
\lst@skipnumbers=\count110
\lst@framebox=\box29
)
("C:\Program Files (x86)\MiKTeX 2.9\tex\latex\listings\listings.cfg"
File: listings.cfg 2013/08/26 1.5b listings configuration
))
Package: listings 2013/08/26 1.5b (Carsten Heinz)

("C:\Program Files (x86)\MiKTeX 2.9\tex\latex\graphics\color.sty"
Package: color 2005/11/14 v1.0j Standard LaTeX Color (DPC)

("C:\Program Files (x86)\MiKTeX 2.9\tex\latex\00miktex\color.cfg"
File: color.cfg 2007/01/18 v1.5 color configuration of teTeX/TeXLive
)
Package color Info: Driver file: pdftex.def on input line 130.
)
("C:\Program Files (x86)\MiKTeX 2.9\tex\latex\lastpage\lastpage.sty"
Package: lastpage 2013/01/28 v1.2l Refers to last page's name (HMM; JPG)
)
("C:\Program Files (x86)\MiKTeX 2.9\tex\latex\ltxmisc\anysize.sty"
Package: anysize 1994/08/13 1.0 Contributed LaTeX2e package

Package: `anysize' 1.0 <1994/08/13>
\@Leftmargin=\dimen124
\@Rightmargin=\dimen125
\@Topmargin=\dimen126
\@Bottommargin=\dimen127
) ("C:\Program Files (x86)\MiKTeX 2.9\tex\generic\babel\babel.sty"
Package: babel 2008/07/08 v3.8m The Babel package

*************************************
* Local config file bblopts.cfg used
*
("C:\Program Files (x86)\MiKTeX 2.9\tex\latex\00miktex\bblopts.cfg"
File: bblopts.cfg 2006/07/31 v1.0 MiKTeX 'babel' configuration
) (C:\Users\bojtip\Desktop\UAV\doksi\TEX\magyar.ldf
Language: magyar 2007/10/19 v1.5 Magyar support from the babel v3.7 system

("C:\Program Files (x86)\MiKTeX 2.9\tex\generic\babel\babel.def"
File: babel.def 2008/07/08 v3.8m Babel common definitions
\babel@savecnt=\count111
\U@D=\dimen128
)
Package babel Info: Making ` an active character on input line 2609.
\c@footnote@add=\count112
\c@footnote@ch=\count113
))
("C:\Program Files (x86)\MiKTeX 2.9\tex\latex\sectsty\sectsty.sty"
Package: sectsty 2002/02/25 v2.0.2 Commands to change all sectional heading styles
)
("C:\Program Files (x86)\MiKTeX 2.9\tex\latex\setspace\setspace.sty"
Package: setspace 2011/12/19 v6.7a set line spacing
)
("C:\Program Files (x86)\MiKTeX 2.9\tex\latex\caption\caption.sty"
Package: caption 2013/05/02 v3.3-89 Customizing captions (AR)

("C:\Program Files (x86)\MiKTeX 2.9\tex\latex\caption\caption3.sty"
Package: caption3 2013/05/02 v1.6-88 caption3 kernel (AR)
Package caption3 Info: TeX engine: e-TeX on input line 57.
\captionmargin=\dimen129
\captionmargin@=\dimen130
\captionwidth=\dimen131
\caption@tempdima=\dimen132
\caption@indent=\dimen133
\caption@parindent=\dimen134
\caption@hangindent=\dimen135
)
\c@ContinuedFloat=\count114
Package caption Info: magyar babel option is loaded.
Package caption Info: listings package is loaded.
)
("C:\Program Files (x86)\MiKTeX 2.9\tex\latex\hyperref\hyperref.sty"
Package: hyperref 2012/11/06 v6.83m Hypertext links for LaTeX

("C:\Program Files (x86)\MiKTeX 2.9\tex\generic\oberdiek\hobsub-hyperref.sty"
Package: hobsub-hyperref 2012/04/25 v1.12 Bundle oberdiek, subset hyperref (HO)

("C:\Program Files (x86)\MiKTeX 2.9\tex\generic\oberdiek\hobsub-generic.sty"
Package: hobsub-generic 2012/04/25 v1.12 Bundle oberdiek, subset generic (HO)
Package: hobsub 2012/04/25 v1.12 Construct package bundles (HO)
Package hobsub Info: Skipping package `infwarerr' (already loaded).
Package hobsub Info: Skipping package `ltxcmds' (already loaded).
Package: ifluatex 2010/03/01 v1.3 Provides the ifluatex switch (HO)
Package ifluatex Info: LuaTeX not detected.
Package: ifvtex 2010/03/01 v1.5 Detect VTeX and its facilities (HO)
Package ifvtex Info: VTeX not detected.
Package: intcalc 2007/09/27 v1.1 Expandable calculations with integers (HO)
Package: ifpdf 2011/01/30 v2.3 Provides the ifpdf switch (HO)
Package ifpdf Info: pdfTeX in PDF mode is detected.
Package: etexcmds 2011/02/16 v1.5 Avoid name clashes with e-TeX commands (HO)
Package etexcmds Info: Could not find \expanded.
(etexcmds)             That can mean that you are not using pdfTeX 1.50 or
(etexcmds)             that some package has redefined \expanded.
(etexcmds)             In the latter case, load this package earlier.
Package: kvsetkeys 2012/04/25 v1.16 Key value parser (HO)
Package: kvdefinekeys 2011/04/07 v1.3 Define keys (HO)
Package: pdftexcmds 2011/11/29 v0.20 Utility functions of pdfTeX for LuaTeX (HO)
Package pdftexcmds Info: LuaTeX not detected.
Package pdftexcmds Info: \pdf@primitive is available.
Package pdftexcmds Info: \pdf@ifprimitive is available.
Package pdftexcmds Info: \pdfdraftmode found.
Package: pdfescape 2011/11/25 v1.13 Implements pdfTeX's escape features (HO)
Package: bigintcalc 2012/04/08 v1.3 Expandable calculations on big integers (HO)
Package: bitset 2011/01/30 v1.1 Handle bit-vector datatype (HO)
Package: uniquecounter 2011/01/30 v1.2 Provide unlimited unique counter (HO)
)
Package hobsub Info: Skipping package `hobsub' (already loaded).
Package: letltxmacro 2010/09/02 v1.4 Let assignment for LaTeX macros (HO)
Package: hopatch 2011/06/24 v1.1 Wrapper for package hooks (HO)
Package: xcolor-patch 2011/01/30 xcolor patch
Package: atveryend 2011/06/30 v1.8 Hooks at the very end of document (HO)
Package atveryend Info: \enddocument detected (standard20110627).
Package: atbegshi 2011/10/05 v1.16 At begin shipout hook (HO)
Package: refcount 2011/10/16 v3.4 Data extraction from label references (HO)
Package: hycolor 2011/01/30 v1.7 Color options for hyperref/bookmark (HO)
)
("C:\Program Files (x86)\MiKTeX 2.9\tex\generic\ifxetex\ifxetex.sty"
Package: ifxetex 2010/09/12 v0.6 Provides ifxetex conditional
)
("C:\Program Files (x86)\MiKTeX 2.9\tex\latex\oberdiek\auxhook.sty"
Package: auxhook 2011/03/04 v1.3 Hooks for auxiliary files (HO)
)
("C:\Program Files (x86)\MiKTeX 2.9\tex\latex\oberdiek\kvoptions.sty"
Package: kvoptions 2011/06/30 v3.11 Key value format for package options (HO)
)
\@linkdim=\dimen136
\Hy@linkcounter=\count115
\Hy@pagecounter=\count116

("C:\Program Files (x86)\MiKTeX 2.9\tex\latex\hyperref\pd1enc.def"
File: pd1enc.def 2012/11/06 v6.83m Hyperref: PDFDocEncoding definition (HO)
)
\Hy@SavedSpaceFactor=\count117

("C:\Program Files (x86)\MiKTeX 2.9\tex\latex\00miktex\hyperref.cfg"
File: hyperref.cfg 2002/06/06 v1.2 hyperref configuration of TeXLive
)
Package hyperref Info: Hyper figures OFF on input line 4443.
Package hyperref Info: Link nesting OFF on input line 4448.
Package hyperref Info: Hyper index ON on input line 4451.
Package hyperref Info: Plain pages OFF on input line 4458.
Package hyperref Info: Backreferencing OFF on input line 4463.
Package hyperref Info: Implicit mode ON; LaTeX internals redefined.
Package hyperref Info: Bookmarks ON on input line 4688.
\c@Hy@tempcnt=\count118

("C:\Program Files (x86)\MiKTeX 2.9\tex\latex\ltxmisc\url.sty"
\Urlmuskip=\muskip11
Package: url 2006/04/12  ver 3.3  Verb mode for urls, etc.
)
LaTeX Info: Redefining \url on input line 5041.
\XeTeXLinkMargin=\dimen137
\Fld@menulength=\count119
\Field@Width=\dimen138
\Fld@charsize=\dimen139
Package hyperref Info: Hyper figures OFF on input line 6295.
Package hyperref Info: Link nesting OFF on input line 6300.
Package hyperref Info: Hyper index ON on input line 6303.
Package hyperref Info: backreferencing OFF on input line 6310.
Package hyperref Info: Link coloring OFF on input line 6315.
Package hyperref Info: Link coloring with OCG OFF on input line 6320.
Package hyperref Info: PDF/A mode OFF on input line 6325.
LaTeX Info: Redefining \ref on input line 6365.
LaTeX Info: Redefining \pageref on input line 6369.
\Hy@abspage=\count120
\c@Item=\count121
\c@Hfootnote=\count122
)

Package hyperref Message: Driver (autodetected): hpdftex.

("C:\Program Files (x86)\MiKTeX 2.9\tex\latex\hyperref\hpdftex.def"
File: hpdftex.def 2012/11/06 v6.83m Hyperref driver for pdfTeX
\Fld@listcount=\count123
\c@bookmark@seq@number=\count124

("C:\Program Files (x86)\MiKTeX 2.9\tex\latex\oberdiek\rerunfilecheck.sty"
Package: rerunfilecheck 2011/04/15 v1.7 Rerun checks for auxiliary files (HO)
Package uniquecounter Info: New unique counter `rerunfilecheck' on input line 282.
)
\Hy@SectionHShift=\skip55
)
("C:\Program Files (x86)\MiKTeX 2.9\tex\latex\float\float.sty"
Package: float 2001/11/08 v1.3d Float enhancements (AL)
\c@float@type=\count125
\float@exts=\toks42
\float@box=\box30
\@float@everytoks=\toks43
\@floatcapt=\box31
)
("C:\Program Files (x86)\MiKTeX 2.9\tex\latex\breakurl\breakurl.sty"
Package: breakurl 2013/04/10 v1.40 Breakable hyperref URLs

("C:\Program Files (x86)\MiKTeX 2.9\tex\latex\xkeyval\xkeyval.sty"
Package: xkeyval 2012/10/14 v2.6b package option processing (HA)

("C:\Program Files (x86)\MiKTeX 2.9\tex\generic\xkeyval\xkeyval.tex"
\XKV@toks=\toks44
\XKV@tempa@toks=\toks45
\XKV@depth=\count126
File: xkeyval.tex 2012/10/14 v2.6b key=value parser (HA)
))

Package breakurl Warning: You are using breakurl while processing via pdflatex.
(breakurl)                \burl will be just a synonym of \url.
(breakurl)                 on input line 48.

)

Package hyperref Warning: Option `bookmarks' has already been used,
(hyperref)                setting the option has no effect on input line 74.

Package hyperref Info: Option `unicode' set `false' on input line 74.

Package hyperref Warning: Glyph not defined in PD1 encoding,
(hyperref)                removing `\H' on input line 74.

Package hyperref Info: Option `pdfnewwindow' set `true' on input line 74.
Package hyperref Info: Option `colorlinks' set `true' on input line 74.
("C:\Program Files (x86)\MiKTeX 2.9\tex\latex\base\fontenc.sty"
Package: fontenc 2005/09/27 v1.99g Standard LaTeX package

("C:\Program Files (x86)\MiKTeX 2.9\tex\latex\base\t1enc.def"
File: t1enc.def 2005/09/27 v1.99g Standard LaTeX file
LaTeX Font Info:    Redeclaring font encoding T1 on input line 43.
))
("C:\Program Files (x86)\MiKTeX 2.9\tex\latex\bera\beramono.sty"
Package: beramono 2004/01/31 (WaS)
)
("C:\Program Files (x86)\MiKTeX 2.9\tex\latex\listings\lstlang1.sty"
File: lstlang1.sty 2013/08/26 1.5b listings language file
) (C:\Users\bojtip\Desktop\UAV\doksi\TEX\diploma.aux (C:\Users\bojtip\Desktop\UAV\doksi\TEX\titlepage.aux) (C:\Users\boj
tip\Desktop\UAV\doksi\TEX\declaration.aux)
(C:\Users\bojtip\Desktop\UAV\doksi\TEX\abstract.aux) (C:\Users\bojtip\Desktop\UAV\doksi\TEX\elozmenyek.aux

LaTeX Warning: Label `fig:sys' multiply defined.

) (C:\Users\bojtip\Desktop\UAV\doksi\TEX\tervezes.aux

LaTeX Warning: Label `tab:up' multiply defined.

) (C:\Users\bojtip\Desktop\UAV\doksi\TEX\kivitelezes.aux) (C:\Users\bojtip\Desktop\UAV\doksi\TEX\chapter4.aux)
(C:\Users\bojtip\Desktop\UAV\doksi\TEX\appendices.aux))
LaTeX Font Info:    Checking defaults for OML/cmm/m/it on input line 166.
LaTeX Font Info:    ... okay on input line 166.
LaTeX Font Info:    Checking defaults for T1/cmr/m/n on input line 166.
LaTeX Font Info:    ... okay on input line 166.
LaTeX Font Info:    Checking defaults for OT1/cmr/m/n on input line 166.
LaTeX Font Info:    ... okay on input line 166.
LaTeX Font Info:    Checking defaults for OMS/cmsy/m/n on input line 166.
LaTeX Font Info:    ... okay on input line 166.
LaTeX Font Info:    Checking defaults for OMX/cmex/m/n on input line 166.
LaTeX Font Info:    ... okay on input line 166.
LaTeX Font Info:    Checking defaults for U/cmr/m/n on input line 166.
LaTeX Font Info:    ... okay on input line 166.
LaTeX Font Info:    Checking defaults for PD1/pdf/m/n on input line 166.
LaTeX Font Info:    ... okay on input line 166.

("C:\Program Files (x86)\MiKTeX 2.9\tex\context\base\supp-pdf.mkii"
[Loading MPS to PDF converter (version 2006.09.02).]
\scratchcounter=\count127
\scratchdimen=\dimen140
\scratchbox=\box32
\nofMPsegments=\count128
\nofMParguments=\count129
\everyMPshowfont=\toks46
\MPscratchCnt=\count130
\MPscratchDim=\dimen141
\MPnumerator=\count131
\makeMPintoPDFobject=\count132
\everyMPtoPDFconversion=\toks47
)
\c@lstlisting=\count133
Package lastpage Info: Please have a look at the pageslts package at
(lastpage)             http://www.ctan.org/tex-archive/ 
(lastpage)             macros/latex/contrib/pageslts/ 
(lastpage)             or
(lastpage)             http://www.ctan.org/tex-archive/ 
(lastpage)             install/macros/latex/contrib/pageslts.tds.zip
(lastpage)             ! on input line 166.
Package caption Info: Begin \AtBeginDocument code.
Package caption Info: float package is loaded.
Package caption Info: hyperref package is loaded.
Package caption Info: End \AtBeginDocument code.
\AtBeginShipoutBox=\box33
Package hyperref Info: Link coloring ON on input line 166.
 ("C:\Program Files (x86)\MiKTeX 2.9\tex\latex\hyperref\nameref.sty"
Package: nameref 2012/10/27 v2.43 Cross-referencing by name of section

("C:\Program Files (x86)\MiKTeX 2.9\tex\generic\oberdiek\gettitlestring.sty"
Package: gettitlestring 2010/12/03 v1.4 Cleanup title references (HO)
)
\c@section@level=\count134
)
LaTeX Info: Redefining \ref on input line 166.
LaTeX Info: Redefining \pageref on input line 166.
LaTeX Info: Redefining \nameref on input line 166.

(C:\Users\bojtip\Desktop\UAV\doksi\TEX\diploma.out) (C:\Users\bojtip\Desktop\UAV\doksi\TEX\diploma.out)
\@outlinefile=\write3

("C:\Program Files (x86)\MiKTeX 2.9\tex\latex\base\report.cls"
LaTeX Info: Redefining \cal on input line 586.
LaTeX Info: Redefining \mit on input line 587.
) (C:\Users\bojtip\Desktop\UAV\doksi\TEX\titlepage.tex
<figures/BMElogo.png, id=187, 975.645pt x 273.02pt>
File: figures/BMElogo.png Graphic file (type png)
 <use figures/BMElogo.png>
Package pdftex.def Info: figures/BMElogo.png used on input line 6.
(pdftex.def)             Requested size: 170.71652pt x 47.77087pt.
 [1



{C:/ProgramData/MiKTeX/2.9/pdftex/config/pdftex.map} <C:/Users/bojtip/Desktop/UAV/doksi/TEX/figures/BMElogo.png>])
(C:\Users\bojtip\Desktop\UAV\doksi\TEX\diploma.toc
LaTeX Font Info:    Try loading font information for U+msa on input line 4.
 ("C:\Program Files (x86)\MiKTeX 2.9\tex\latex\amsfonts\umsa.fd"
File: umsa.fd 2013/01/14 v3.01 AMS symbols A
)
LaTeX Font Info:    Try loading font information for U+msb on input line 4.

("C:\Program Files (x86)\MiKTeX 2.9\tex\latex\amsfonts\umsb.fd"
File: umsb.fd 2013/01/14 v3.01 AMS symbols B
)pdfTeX warning (ext4): destination with the same identifier (name{page.1}) has been already used, duplicate ignored
<to be read again> 
                   \relax 
l.58 ...egval\'os\IeC {\'\i }t\'as}{30}{chapter.3}
                                                   [1




pdfTeX warning: pdflatex.exe: pop empty color page stack 0
])
\tf@toc=\write4
 [2] (C:\Users\bojtip\Desktop\UAV\doksi\TEX\declaration.tex [3

]) (C:\Users\bojtip\Desktop\UAV\doksi\TEX\abstract.tex
[4




]) [5

] (C:\Users\bojtip\Desktop\UAV\doksi\TEX\elozmenyek.tex
1. fejezet.
[6



]

Package hyperref Warning: Glyph not defined in PD1 encoding,
(hyperref)                removing `\H' on input line 18.

<figures/orca.png, id=275, 415.5525pt x 235.63031pt>
File: figures/orca.png Graphic file (type png)
 <use figures/orca.png>
Package pdftex.def Info: figures/orca.png used on input line 29.
(pdftex.def)             Requested size: 415.55148pt x 235.62973pt.
 [7]
LaTeX Font Info:    Try loading font information for OMS+cmr on input line 39.

("C:\Program Files (x86)\MiKTeX 2.9\tex\latex\base\omscmr.fd"
File: omscmr.fd 1999/05/25 v2.5h Standard LaTeX font definitions
)
LaTeX Font Info:    Font shape `OMS/cmr/m/n' in size <10.95> not available
(Font)              Font shape `OMS/cmsy/m/n' tried instead on input line 39.
 [8 <C:/Users/bojtip/Desktop/UAV/doksi/TEX/figures/orca.png>] <figures/sys.png, id=301, 6441.06375pt x 4899.30376pt>
File: figures/sys.png Graphic file (type png)
 <use figures/sys.png>
Package pdftex.def Info: figures/sys.png used on input line 63.
(pdftex.def)             Requested size: 6441.04814pt x 4899.29187pt.
 [9 <C:/Users/bojtip/Desktop/UAV/doksi/TEX/figures/sys.png>] [10] <figures/xbee.png, id=331, 328.97906pt x 254.45062pt>
File: figures/xbee.png Graphic file (type png)
 <use figures/xbee.png>
Package pdftex.def Info: figures/xbee.png used on input line 100.
(pdftex.def)             Requested size: 328.97826pt x 254.45pt.

<figures/lrwpan.png, id=339, 336.65775pt x 336.65775pt>
File: figures/lrwpan.png Graphic file (type png)
 <use figures/lrwpan.png>
Package pdftex.def Info: figures/lrwpan.png used on input line 118.
(pdftex.def)             Requested size: 336.6569pt x 336.6569pt.

Overfull \hbox (64.01936pt too wide) in paragraph at lines 119--119
[] [] 
 []

<figures/zigbeestack.png, id=340, 311.9655pt x 274.626pt>
File: figures/zigbeestack.png Graphic file (type png)
 <use figures/zigbeestack.png>
Package pdftex.def Info: figures/zigbeestack.png used on input line 125.
(pdftex.def)             Requested size: 311.96474pt x 274.62532pt.

Overfull \hbox (64.01964pt too wide) in paragraph at lines 124--126
[][] 
 []


Overfull \hbox (64.01936pt too wide) in paragraph at lines 126--126
[] [] 
 []


LaTeX Warning: `h' float specifier changed to `ht'.

[11 <C:/Users/bojtip/Desktop/UAV/doksi/TEX/figures/xbee.png>] [12 <C:/Users/bojtip/Desktop/UAV/doksi/TEX/figures/lrwpan.
png> <C:/Users/bojtip/Desktop/UAV/doksi/TEX/figures/zigbeestack.png>]

Package hyperref Warning: Glyph not defined in PD1 encoding,
(hyperref)                removing `\H' on input line 165.


Package hyperref Warning: Glyph not defined in PD1 encoding,
(hyperref)                removing `\H' on input line 165.

[13] <figures/ardu.png, id=377, 752.8125pt x 420.06938pt>
File: figures/ardu.png Graphic file (type png)
 <use figures/ardu.png>
Package pdftex.def Info: figures/ardu.png used on input line 219.
(pdftex.def)             Requested size: 752.81065pt x 420.06836pt.
 [14]
<figures/ardu_plan.png, id=389, 531.78674pt x 119.84775pt>
File: figures/ardu_plan.png Graphic file (type png)
 <use figures/ardu_plan.png>
Package pdftex.def Info: figures/ardu_plan.png used on input line 233.
(pdftex.def)             Requested size: 531.78545pt x 119.84744pt.
 [15 <C:/Users/bojtip/Desktop/UAV/doksi/TEX/figures/ardu.png> <C:/Users/bojtip/Desktop/UAV/doksi/TEX/figures/ardu_plan.p
ng>]
<figures/paparazzi.png, id=399, 794.97pt x 612.75734pt>
File: figures/paparazzi.png Graphic file (type png)
 <use figures/paparazzi.png>
Package pdftex.def Info: figures/paparazzi.png used on input line 264.
(pdftex.def)             Requested size: 794.96806pt x 612.75584pt.


LaTeX Warning: `h' float specifier changed to `ht'.

[16] [17 <C:/Users/bojtip/Desktop/UAV/doksi/TEX/figures/paparazzi.png>]
<figures/micropilot.png, id=418, 758.835pt x 474.27188pt>
File: figures/micropilot.png Graphic file (type png)
 <use figures/micropilot.png>
Package pdftex.def Info: figures/micropilot.png used on input line 290.
(pdftex.def)             Requested size: 758.83316pt x 474.27072pt.

Overfull \hbox (92.47298pt too wide) in paragraph at lines 289--291
 [][] 
 []


Overfull \hbox (64.01936pt too wide) in paragraph at lines 291--291
[] [] 
 []

<figures/microhud.png, id=419, 227.6505pt x 252.34274pt>
File: figures/microhud.png Graphic file (type png)
 <use figures/microhud.png>
Package pdftex.def Info: figures/microhud.png used on input line 298.
(pdftex.def)             Requested size: 227.64993pt x 252.34212pt.

Overfull \hbox (64.01936pt too wide) in paragraph at lines 299--299
[] [] 
 []

[18 <C:/Users/bojtip/Desktop/UAV/doksi/TEX/figures/micropilot.png> <C:/Users/bojtip/Desktop/UAV/doksi/TEX/figures/microh
ud.png>] <figures/openpilot.png, id=435, 977.45175pt x 518.53725pt>
File: figures/openpilot.png Graphic file (type png)
 <use figures/openpilot.png>
Package pdftex.def Info: figures/openpilot.png used on input line 340.
(pdftex.def)             Requested size: 977.44937pt x 518.53598pt.

<figures/qground.png, id=438, 542.025pt x 378.81525pt>
File: figures/qground.png Graphic file (type png)
 <use figures/qground.png>
Package pdftex.def Info: figures/qground.png used on input line 356.
(pdftex.def)             Requested size: 542.02367pt x 378.81432pt.
 [19 <C:/Users/bojtip/Desktop/UAV/doksi/TEX/figures/openpilot.png>] <figures/hk.png, id=449, 480.5955pt x 264.38776pt>
File: figures/hk.png Graphic file (type png)
 <use figures/hk.png>
Package pdftex.def Info: figures/hk.png used on input line 368.
(pdftex.def)             Requested size: 480.59433pt x 264.3871pt.
 [20 <C:/Users/bojtip/Desktop/UAV/doksi/TEX/figures/qground.png>]
Overfull \hbox (11.90504pt too wide) in paragraph at lines 387--409
 [] 
 []

) [21 <C:/Users/bojtip/Desktop/UAV/doksi/TEX/figures/hk.png>] [22] (C:\Users\bojtip\Desktop\UAV\doksi\TEX\tervezes.tex
2. fejezet.
<figures/downprot.png, id=471, 681.14474pt x 1064.778pt>
File: figures/downprot.png Graphic file (type png)
 <use figures/downprot.png>
Package pdftex.def Info: figures/downprot.png used on input line 26.
(pdftex.def)             Requested size: 681.14308pt x 1064.7754pt.

Overfull \hbox (2.43181pt too wide) in paragraph at lines 24--29
[]|  [] 
 []

[23



]
Overfull \vbox (59.44225pt too high) has occurred while \output is active []

 [24 <C:/Users/bojtip/Desktop/UAV/doksi/TEX/figures/downprot.png>] [25]

Package hyperref Warning: Glyph not defined in PD1 encoding,
(hyperref)                removing `\H' on input line 91.


Package hyperref Warning: Glyph not defined in PD1 encoding,
(hyperref)                removing `\H' on input line 91.

[26]

Package hyperref Warning: Glyph not defined in PD1 encoding,
(hyperref)                removing `\H' on input line 95.


Package hyperref Warning: Glyph not defined in PD1 encoding,
(hyperref)                removing `\H' on input line 99.


Package hyperref Warning: Glyph not defined in PD1 encoding,
(hyperref)                removing `\H' on input line 113.

[27] <figures/net.png, id=499, 404.712pt x 351.11176pt>
File: figures/net.png Graphic file (type png)
 <use figures/net.png>
Package pdftex.def Info: figures/net.png used on input line 126.
(pdftex.def)             Requested size: 404.71101pt x 351.11089pt.
 [28 <C:/Users/bojtip/Desktop/UAV/doksi/TEX/figures/net.png>]
Overfull \hbox (1.52452pt too wide) in paragraph at lines 148--149
\T1/cmr/m/n/10.95 Grafikus meg-je-le-ní-tést biz-to-sít az al-kal-ma-zá-sok-nak, kü-lön-bö-z® ele-mek (be-vi-te-li me-z®
, gomb,
 []

) [29] (C:\Users\bojtip\Desktop\UAV\doksi\TEX\kivitelezes.tex
3. fejezet.
<figures/classdiagram.png, id=535, 505.28775pt x 266.1945pt>
File: figures/classdiagram.png Graphic file (type png)
 <use figures/classdiagram.png>
Package pdftex.def Info: figures/classdiagram.png used on input line 15.
(pdftex.def)             Requested size: 505.28651pt x 266.19385pt.
 [30



 <C:/Users/bojtip/Desktop/UAV/doksi/TEX/figures/classdiagram.png>]
Overfull \hbox (7.68628pt too wide) in paragraph at lines 31--32
\T1/cmr/m/n/10.95 zik egy cso-mag, ak-kor de-kó-do-lás után az ele-me-in vé-gigite-rál-va a \T1/cmr/m/it/10.95 da-ta-Ele
-ments[i].AddA(double
 []

[31]

Package hyperref Warning: Glyph not defined in PD1 encoding,
(hyperref)                removing `\H' on input line 48.


Package hyperref Warning: Glyph not defined in PD1 encoding,
(hyperref)                removing `\H' on input line 48.

<figures/fokepernyo.png, id=550, 593.8185pt x 348.70274pt>
File: figures/fokepernyo.png Graphic file (type png)
 <use figures/fokepernyo.png>
Package pdftex.def Info: figures/fokepernyo.png used on input line 57.
(pdftex.def)             Requested size: 593.81705pt x 348.70187pt.
 [32]
LaTeX Font Info:    Try loading font information for T1+fvm on input line 65.

("C:\Program Files (x86)\MiKTeX 2.9\tex\latex\bera\t1fvm.fd"
File: t1fvm.fd 2004/09/07 scalable font definitions for T1/fvm.
)
LaTeX Font Info:    Font shape `T1/fvm/m/n' will be
(Font)              scaled to size 9.85492pt on input line 65.
LaTeX Font Info:    Font shape `T1/fvm/bx/n' in size <10.95> not available
(Font)              Font shape `T1/fvm/b/n' tried instead on input line 74.
LaTeX Font Info:    Font shape `T1/fvm/b/n' will be
(Font)              scaled to size 9.85492pt on input line 74.
 [33 <C:/Users/bojtip/Desktop/UAV/doksi/TEX/figures/fokepernyo.png>] [34]

Package hyperref Warning: Glyph not defined in PD1 encoding,
(hyperref)                removing `\H' on input line 115.

LaTeX Font Info:    Font shape `T1/fvm/m/n' will be
(Font)              scaled to size 8.99994pt on input line 122.
LaTeX Font Info:    Font shape `T1/fvm/bx/n' in size <10> not available
(Font)              Font shape `T1/fvm/b/n' tried instead on input line 123.
LaTeX Font Info:    Font shape `T1/fvm/b/n' will be
(Font)              scaled to size 8.99994pt on input line 123.
<figures/tervkepernyo.png, id=602, 593.21625pt x 353.52075pt>
File: figures/tervkepernyo.png Graphic file (type png)
 <use figures/tervkepernyo.png>
Package pdftex.def Info: figures/tervkepernyo.png used on input line 147.
(pdftex.def)             Requested size: 593.2148pt x 353.51988pt.
 [35]
<figures/uploadsuccess.png, id=625, 192.11775pt x 166.82326pt>
File: figures/uploadsuccess.png Graphic file (type png)
 <use figures/uploadsuccess.png>
Package pdftex.def Info: figures/uploadsuccess.png used on input line 155.
(pdftex.def)             Requested size: 192.11728pt x 166.82285pt.


Package hyperref Warning: Glyph not defined in PD1 encoding,
(hyperref)                removing `\H' on input line 160.

<figures/diagkepernyo.png, id=626, 596.2275pt x 297.5115pt>
File: figures/diagkepernyo.png Graphic file (type png)
 <use figures/diagkepernyo.png>
Package pdftex.def Info: figures/diagkepernyo.png used on input line 167.
(pdftex.def)             Requested size: 596.22604pt x 297.51077pt.
 [36 <C:/Users/bojtip/Desktop/UAV/doksi/TEX/figures/tervkepernyo.png> <C:/Users/bojtip/Desktop/UAV/doksi/TEX/figures/upl
oadsuccess.png>]

Package hyperref Warning: Glyph not defined in PD1 encoding,
(hyperref)                removing `\H' on input line 173.

<figures/terminalkepernyo.png, id=634, 593.21625pt x 205.36725pt>
File: figures/terminalkepernyo.png Graphic file (type png)
 <use figures/terminalkepernyo.png>
Package pdftex.def Info: figures/terminalkepernyo.png used on input line 180.
(pdftex.def)             Requested size: 593.2148pt x 205.36674pt.
 [37 <C:/Users/bojtip/Desktop/UAV/doksi/TEX/figures/diagkepernyo.png> <C:/Users/bojtip/Desktop/UAV/doksi/TEX/figures/ter
minalkepernyo.png>]
<figures/comnull.png, id=648, 416.30531pt x 362.10281pt>
File: figures/comnull.png Graphic file (type png)
 <use figures/comnull.png>
Package pdftex.def Info: figures/comnull.png used on input line 199.
(pdftex.def)             Requested size: 416.30429pt x 362.10191pt.

Overfull \hbox (7.11565pt too wide) in paragraph at lines 198--200
[][] 
 []


Overfull \hbox (64.01936pt too wide) in paragraph at lines 200--200
[] [] 
 []

<figures/sorossend.png, id=649, 327.02174pt x 202.95825pt>
File: figures/sorossend.png Graphic file (type png)
 <use figures/sorossend.png>
Package pdftex.def Info: figures/sorossend.png used on input line 206.
(pdftex.def)             Requested size: 327.02094pt x 202.95775pt.

Overfull \hbox (7.12013pt too wide) in paragraph at lines 205--207
[][] 
 []


Overfull \hbox (64.01936pt too wide) in paragraph at lines 207--207
[] [] 
 []

<figures/xvi.png, id=651, 485.4135pt x 255.354pt>
File: figures/xvi.png Graphic file (type png)
 <use figures/xvi.png>
Package pdftex.def Info: figures/xvi.png used on input line 217.
(pdftex.def)             Requested size: 485.41231pt x 255.35338pt.
) [38 <C:/Users/bojtip/Desktop/UAV/doksi/TEX/figures/comnull.png> <C:/Users/bojtip/Desktop/UAV/doksi/TEX/figures/sorosse
nd.png>] [39 <C:/Users/bojtip/Desktop/UAV/doksi/TEX/figures/xvi.png>] (C:\Users\bojtip\Desktop\UAV\doksi\TEX\chapter4.te
x
4. fejezet.
) [40



]
Underfull \hbox (badness 10000) in paragraph at lines 204--205
[]\T1/cmr/m/n/10.95 http://www.digi.com/products/wireless-wired-embedded-solutions/zigbee-rf-
 []


Underfull \hbox (badness 10000) in paragraph at lines 207--208
[]\T1/cmr/m/n/10.95 http://www.makershed.com/v/vspfiles/assets/images/122-32450-xbeetutorial-
 []


Overfull \hbox (114.62222pt too wide) in paragraph at lines 225--226
[]\T1/cmr/m/n/10.95 http://personal.us.es/imaza/papers/journals/maza_jint10_multimodal/maza_jint10_multimodal_web.pdf,
 []


Underfull \hbox (badness 10000) in paragraph at lines 240--241
[]\T1/cmr/m/n/10.95 http://www.szrfk.hu/rtk/kulonszamok/2012_cikkek/77_Makkay_Imre-
 []


Underfull \hbox (badness 10000) in paragraph at lines 243--244
[]\T1/cmr/m/n/10.95 http://wiki.openpilot.org/display/Doc/OpenPilot+Documentation, 2013. no-vem-
 []

[41


]
Underfull \hbox (badness 10000) in paragraph at lines 264--265
[]\T1/cmr/m/n/10.95 http://msdn.microsoft.com/en-us/library/windows/desktop/ms533798.aspx,
 []

[42] (C:\Users\bojtip\Desktop\UAV\doksi\TEX\appendices.tex <figures/gmap.png, id=681, 379.4175pt x 201.75375pt>
File: figures/gmap.png Graphic file (type png)

<use figures/gmap.png>
Package pdftex.def Info: figures/gmap.png used on input line 32.
(pdftex.def)             Requested size: 379.41656pt x 201.75325pt.
) [43


 <C:/Users/bojtip/Desktop/UAV/doksi/TEX/figures/gmap.png>]
\tf@thm=\write5
 
AED: lastpage setting LastPage
Package atveryend Info: Empty hook `BeforeClearDocument' on input line 279.
Package atveryend Info: Empty hook `AfterLastShipout' on input line 279.
(C:\Users\bojtip\Desktop\UAV\doksi\TEX\diploma.aux (C:\Users\bojtip\Desktop\UAV\doksi\TEX\titlepage.aux)
(C:\Users\bojtip\Desktop\UAV\doksi\TEX\declaration.aux) (C:\Users\bojtip\Desktop\UAV\doksi\TEX\abstract.aux)
(C:\Users\bojtip\Desktop\UAV\doksi\TEX\elozmenyek.aux) (C:\Users\bojtip\Desktop\UAV\doksi\TEX\tervezes.aux)
(C:\Users\bojtip\Desktop\UAV\doksi\TEX\kivitelezes.aux) (C:\Users\bojtip\Desktop\UAV\doksi\TEX\chapter4.aux)
(C:\Users\bojtip\Desktop\UAV\doksi\TEX\appendices.aux))
Package atveryend Info: Executing hook `AtVeryEndDocument' on input line 279.
Package atveryend Info: Executing hook `AtEndAfterFileList' on input line 279.
Package rerunfilecheck Info: File `diploma.out' has not changed.
(rerunfilecheck)             Checksum: C9C6942844ED9008B5BF2B8E56DB9DE5;3413.


LaTeX Warning: There were multiply-defined labels.

Package atveryend Info: Empty hook `AtVeryVeryEnd' on input line 279.
 ) 
Here is how much of TeX's memory you used:
 11449 strings out of 493921
 171941 string characters out of 3144872
 321046 words of memory out of 3000000
 14259 multiletter control sequences out of 15000+200000
 27936 words of font info for 69 fonts, out of 3000000 for 9000
 841 hyphenation exceptions out of 8191
 39i,9n,77p,1879b,1897s stack positions out of 5000i,500n,10000p,200000b,50000s
{C:/Program Files (x86)/MiKTeX 2.9/fonts/enc/dvips/fontname/8r.enc} <C:\Users\bojtip\AppData\Local\MiKTeX\2.9\fonts\pk
\ljfour\jknappen\ec\dpi600\ecrm0900.pk> <C:\Users\bojtip\AppData\Local\MiKTeX\2.9\fonts\pk\ljfour\jknappen\ec\dpi600\ecr
m0600.pk> <C:\Users\bojtip\AppData\Local\MiKTeX\2.9\fonts\pk\ljfour\jknappen\ec\dpi600\ecrm0800.pk> <C:\Users\bojtip\App
Data\Local\MiKTeX\2.9\fonts\pk\ljfour\jknappen\ec\dpi600\ecti0900.pk> <C:\Users\bojtip\AppData\Local\MiKTeX\2.9\fonts\pk
\ljfour\jknappen\ec\dpi600\ecbx1000.pk> <C:\Users\bojtip\AppData\Local\MiKTeX\2.9\fonts\pk\ljfour\jknappen\ec\dpi600\ecb
x1200.pk> <C:\Users\bojtip\AppData\Local\MiKTeX\2.9\fonts\pk\ljfour\jknappen\ec\dpi600\ecbx2488.pk> <C:\Users\bojtip\App
Data\Local\MiKTeX\2.9\fonts\pk\ljfour\jknappen\ec\dpi600\ecrm1200.pk> <C:\Users\bojtip\AppData\Local\MiKTeX\2.9\fonts\pk
\ljfour\jknappen\ec\dpi600\eccc1095.pk> <C:\Users\bojtip\AppData\Local\MiKTeX\2.9\fonts\pk\ljfour\jknappen\ec\dpi600\ect
i1095.pk> <C:\Users\bojtip\AppData\Local\MiKTeX\2.9\fonts\pk\ljfour\jknappen\ec\dpi600\eccc1440.pk> <C:\Users\bojtip\App
Data\Local\MiKTeX\2.9\fonts\pk\ljfour\jknappen\ec\dpi600\ecbx2074.pk> <C:\Users\bojtip\AppData\Local\MiKTeX\2.9\fonts\pk
\ljfour\jknappen\ec\dpi600\ecrm1095.pk> <C:\Users\bojtip\AppData\Local\MiKTeX\2.9\fonts\pk\ljfour\jknappen\ec\dpi600\ecb
x1095.pk><C:/Program Files (x86)/MiKTeX 2.9/fonts/type1/public/amsfonts/cm/cmmi10.pfb><C:/Program Files (x86)/MiKTeX 2.9
/fonts/type1/public/amsfonts/cm/cmr10.pfb><C:/Program Files (x86)/MiKTeX 2.9/fonts/type1/public/amsfonts/cm/cmr8.pfb><C:
/Program Files (x86)/MiKTeX 2.9/fonts/type1/public/amsfonts/cm/cmsy10.pfb><C:/Program Files (x86)/MiKTeX 2.9/fonts/type1
/public/amsfonts/cm/cmsy8.pfb><C:/Program Files (x86)/MiKTeX 2.9/fonts/type1/bera/fvmb8a.pfb><C:/Program Files (x86)/MiK
TeX 2.9/fonts/type1/bera/fvmr8a.pfb>
Output written on diploma.pdf (44 pages, 8789828 bytes).
PDF statistics:
 1372 PDF objects out of 1440 (max. 8388607)
 226 named destinations out of 1000 (max. 500000)
 499 words of extra memory for PDF output out of 10000 (max. 10000000)

