\BOOKMARK [0][-]{chapter*.2}{Kivonat}{}% 1
\BOOKMARK [0][-]{chapter*.3}{Abstract}{}% 2
\BOOKMARK [0][-]{chapter*.4}{Bevezeto}{}% 3
\BOOKMARK [0][-]{chapter.1}{Elozm\351nyek}{}% 4
\BOOKMARK [1][-]{section.1.1}{Motiv\341ci\363}{chapter.1}% 5
\BOOKMARK [1][-]{section.1.2}{Rep\374log\351p fel\351p\355t\351se}{chapter.1}% 6
\BOOKMARK [1][-]{section.1.3}{Hibatur\351s}{chapter.1}% 7
\BOOKMARK [1][-]{section.1.4}{Vezet\351k n\351lk\374li modem}{chapter.1}% 8
\BOOKMARK [1][-]{section.1.5}{F\366ldi \341llom\341sok}{chapter.1}% 9
\BOOKMARK [2][-]{subsection.1.5.1}{ArduPilot}{section.1.5}% 10
\BOOKMARK [2][-]{subsection.1.5.2}{Paparazzi}{section.1.5}% 11
\BOOKMARK [2][-]{subsection.1.5.3}{MicroPilot Horizon}{section.1.5}% 12
\BOOKMARK [2][-]{subsection.1.5.4}{OpenPilot}{section.1.5}% 13
\BOOKMARK [2][-]{subsection.1.5.5}{QGroundControl}{section.1.5}% 14
\BOOKMARK [2][-]{subsection.1.5.6}{HappyKillmore}{section.1.5}% 15
\BOOKMARK [0][-]{chapter.2}{Tervez\351s}{}% 16
\BOOKMARK [1][-]{section.2.1}{Kommunik\341ci\363}{chapter.2}% 17
\BOOKMARK [1][-]{section.2.2}{Adatok fogad\341sa}{chapter.2}% 18
\BOOKMARK [2][-]{subsection.2.2.1}{Protokoll}{section.2.2}% 19
\BOOKMARK [1][-]{section.2.3}{Adatok k\374ld\351se}{chapter.2}% 20
\BOOKMARK [2][-]{subsection.2.3.1}{Protokoll}{section.2.3}% 21
\BOOKMARK [1][-]{section.2.4}{Grafikus fel\374let}{chapter.2}% 22
\BOOKMARK [2][-]{subsection.2.4.1}{Fok\351pernyo}{section.2.4}% 23
\BOOKMARK [2][-]{subsection.2.4.2}{Tervez\351s k\351pernyo}{section.2.4}% 24
\BOOKMARK [2][-]{subsection.2.4.3}{Diagnosztikai k\351pernyo}{section.2.4}% 25
\BOOKMARK [0][-]{chapter.3}{Megval\363s\355t\341s}{}% 26
\BOOKMARK [1][-]{section.3.1}{.NET}{chapter.3}% 27
\BOOKMARK [1][-]{section.3.2}{Fok\351pernyo}{chapter.3}% 28
\BOOKMARK [1][-]{section.3.3}{Tervez\351s k\351pernyo}{chapter.3}% 29
\BOOKMARK [1][-]{section.3.4}{Diagnosztikai k\351pernyo}{chapter.3}% 30
\BOOKMARK [1][-]{section.3.5}{Soros port}{chapter.3}% 31
\BOOKMARK [0][-]{chapter.4}{\311rt\351kel\351s}{}% 32
\BOOKMARK [0][-]{chapter.5}{\326sszefoglal\341s}{}% 33
\BOOKMARK [0][-]{appendix*.45}{F\374ggel\351k}{}% 34
\BOOKMARK [1][-]{section.F.1}{F\374ggel\351k1}{appendix*.45}% 35
