This is pdfTeX, Version 3.1415926-2.3-1.40.12 (MiKTeX 2.9) (preloaded format=pdflatex 2012.11.9)  6 NOV 2013 10:45
entering extended mode
**diploma.tex
("C:\Documents and Settings\user\Asztal\UAV\TEX\diploma.tex"
LaTeX2e <2011/06/27>
Babel <v3.8m> and hyphenation patterns for english, afrikaans, ancientgreek, arabic, armenian, assamese, basque, bengali
, bokmal, bulgarian, catalan, coptic, croatian, czech, danish, dutch, esperanto, estonian, farsi, finnish, french, galic
ian, german, german-x-2009-06-19, greek, gujarati, hindi, hungarian, icelandic, indonesian, interlingua, irish, italian,
 kannada, kurmanji, lao, latin, latvian, lithuanian, malayalam, marathi, mongolian, mongolianlmc, monogreek, ngerman, ng
erman-x-2009-06-19, nynorsk, oriya, panjabi, pinyin, polish, portuguese, romanian, russian, sanskrit, serbian, slovak, s
lovenian, spanish, swedish, swissgerman, tamil, telugu, turkish, turkmen, ukenglish, ukrainian, uppersorbian, usenglishm
ax, welsh, loaded.
("C:\Program Files\MiKTeX 2.9\tex\latex\base\report.cls"
Document Class: report 2007/10/19 v1.4h Standard LaTeX document class
("C:\Program Files\MiKTeX 2.9\tex\latex\base\size11.clo"
File: size11.clo 2007/10/19 v1.4h Standard LaTeX file (size option)
)
\c@part=\count79
\c@chapter=\count80
\c@section=\count81
\c@subsection=\count82
\c@subsubsection=\count83
\c@paragraph=\count84
\c@subparagraph=\count85
\c@figure=\count86
\c@table=\count87
\abovecaptionskip=\skip41
\belowcaptionskip=\skip42
\bibindent=\dimen102
) ("C:\Program Files\MiKTeX 2.9\tex\latex\base\t1enc.sty"
Package: t1enc 1994/06/01 Standard LaTeX package
)
("C:\Program Files\MiKTeX 2.9\tex\latex\base\inputenc.sty"
Package: inputenc 2008/03/30 v1.1d Input encoding file
\inpenc@prehook=\toks14
\inpenc@posthook=\toks15
 ("C:\Program Files\MiKTeX 2.9\tex\latex\base\latin2.def"
File: latin2.def 2008/03/30 v1.1d Input encoding file
))
("C:\Program Files\MiKTeX 2.9\tex\latex\ams\math\amsmath.sty"
Package: amsmath 2000/07/18 v2.13 AMS math features
\@mathmargin=\skip43

For additional information on amsmath, use the `?' option.
("C:\Program Files\MiKTeX 2.9\tex\latex\ams\math\amstext.sty"
Package: amstext 2000/06/29 v2.01
 ("C:\Program Files\MiKTeX 2.9\tex\latex\ams\math\amsgen.sty"
File: amsgen.sty 1999/11/30 v2.0
\@emptytoks=\toks16
\ex@=\dimen103
)) ("C:\Program Files\MiKTeX 2.9\tex\latex\ams\math\amsbsy.sty"
Package: amsbsy 1999/11/29 v1.2d
\pmbraise@=\dimen104
)
("C:\Program Files\MiKTeX 2.9\tex\latex\ams\math\amsopn.sty"
Package: amsopn 1999/12/14 v2.01 operator names
)
\inf@bad=\count88
LaTeX Info: Redefining \frac on input line 211.
\uproot@=\count89
\leftroot@=\count90
LaTeX Info: Redefining \overline on input line 307.
\classnum@=\count91
\DOTSCASE@=\count92
LaTeX Info: Redefining \ldots on input line 379.
LaTeX Info: Redefining \dots on input line 382.
LaTeX Info: Redefining \cdots on input line 467.
\Mathstrutbox@=\box26
\strutbox@=\box27
\big@size=\dimen105
LaTeX Font Info:    Redeclaring font encoding OML on input line 567.
LaTeX Font Info:    Redeclaring font encoding OMS on input line 568.
\macc@depth=\count93
\c@MaxMatrixCols=\count94
\dotsspace@=\muskip10
\c@parentequation=\count95
\dspbrk@lvl=\count96
\tag@help=\toks17
\row@=\count97
\column@=\count98
\maxfields@=\count99
\andhelp@=\toks18
\eqnshift@=\dimen106
\alignsep@=\dimen107
\tagshift@=\dimen108
\tagwidth@=\dimen109
\totwidth@=\dimen110
\lineht@=\dimen111
\@envbody=\toks19
\multlinegap=\skip44
\multlinetaggap=\skip45
\mathdisplay@stack=\toks20
LaTeX Info: Redefining \[ on input line 2666.
LaTeX Info: Redefining \] on input line 2667.
)
("C:\Program Files\MiKTeX 2.9\tex\latex\amsfonts\amssymb.sty"
Package: amssymb 2009/06/22 v3.00

("C:\Program Files\MiKTeX 2.9\tex\latex\amsfonts\amsfonts.sty"
Package: amsfonts 2009/06/22 v3.00 Basic AMSFonts support
\symAMSa=\mathgroup4
\symAMSb=\mathgroup5
LaTeX Font Info:    Overwriting math alphabet `\mathfrak' in version `bold'
(Font)                  U/euf/m/n --> U/euf/b/n on input line 96.
))
("C:\Program Files\MiKTeX 2.9\tex\latex\tools\enumerate.sty"
Package: enumerate 1999/03/05 v3.00 enumerate extensions (DPC)
\@enLab=\toks21
)
("C:\Documents and Settings\user\Application Data\MiKTeX\2.9\tex\latex\ntheorem\ntheorem.sty"
Style `ntheorem', Version 1.33 <2011/08/15>
Package: ntheorem 2011/08/15 1.33
("C:\Program Files\MiKTeX 2.9\tex\latex\base\ifthen.sty"
Package: ifthen 2001/05/26 v1.1c Standard LaTeX ifthen package (DPC)
)
\theorem@style=\toks22
\theorem@@style=\toks23
\theorembodyfont=\toks24
\theoremnumbering=\toks25
\theorempreskipamount=\skip46
\theorempostskipamount=\skip47
\theoremframepreskipamount=\skip48
\theoremframepostskipamount=\skip49
\theoreminframepreskipamount=\skip50
\theoreminframepostskipamount=\skip51
\theorem@preskip=\toks26
\theorem@postskip=\toks27
\theorem@framepreskip=\toks28
\theorem@framepostskip=\toks29
\theorem@inframepreskip=\toks30
\theorem@inframepostskip=\toks31
\theoremindent=\dimen112
\theorem@indent=\dimen113
\theoremrightindent=\dimen114
\theorem@rightindent=\dimen115
\theoremheaderfont=\toks32
\theoremseparator=\toks33
\theoremprework=\toks34
\theorempostwork=\toks35
\theoremsymbol=\toks36
\qedsymbol=\toks37
\theoremkeyword=\toks38
\qedsymbol=\toks39
\thm@topsep=\skip52
\thm@topsepadd=\skip53
Package ntheorem Info: Option `thmmarks' loaded on input line 1175.
\c@endNonectr=\count100
\c@currNonectr=\count101
\mysavskip=\skip54
) ("C:\Program Files\MiKTeX 2.9\tex\latex\graphics\graphics.sty"
Package: graphics 2009/02/05 v1.0o Standard LaTeX Graphics (DPC,SPQR)
 ("C:\Program Files\MiKTeX 2.9\tex\latex\graphics\trig.sty"
Package: trig 1999/03/16 v1.09 sin cos tan (DPC)
)
("C:\Program Files\MiKTeX 2.9\tex\latex\00miktex\graphics.cfg"
File: graphics.cfg 2007/01/18 v1.5 graphics configuration of teTeX/TeXLive
)
Package graphics Info: Driver file: pdftex.def on input line 91.

("C:\Program Files\MiKTeX 2.9\tex\latex\pdftex-def\pdftex.def"
File: pdftex.def 2011/05/27 v0.06d Graphics/color for pdfTeX

("C:\Program Files\MiKTeX 2.9\tex\generic\oberdiek\infwarerr.sty"
Package: infwarerr 2010/04/08 v1.3 Providing info/warning/error messages (HO)
)
("C:\Program Files\MiKTeX 2.9\tex\generic\oberdiek\ltxcmds.sty"
Package: ltxcmds 2011/11/09 v1.22 LaTeX kernel commands for general use (HO)
)
\Gread@gobject=\count102
))
("C:\Program Files\MiKTeX 2.9\tex\latex\graphics\epsfig.sty"
Package: epsfig 1999/02/16 v1.7a (e)psfig emulation (SPQR)

("C:\Program Files\MiKTeX 2.9\tex\latex\graphics\graphicx.sty"
Package: graphicx 1999/02/16 v1.0f Enhanced LaTeX Graphics (DPC,SPQR)

("C:\Program Files\MiKTeX 2.9\tex\latex\graphics\keyval.sty"
Package: keyval 1999/03/16 v1.13 key=value parser (DPC)
\KV@toks@=\toks40
)
\Gin@req@height=\dimen116
\Gin@req@width=\dimen117
)
\epsfxsize=\dimen118
\epsfysize=\dimen119
)
("C:\Program Files\MiKTeX 2.9\tex\latex\listings\listings.sty"
\lst@mode=\count103
\lst@gtempboxa=\box28
\lst@token=\toks41
\lst@length=\count104
\lst@currlwidth=\dimen120
\lst@column=\count105
\lst@pos=\count106
\lst@lostspace=\dimen121
\lst@width=\dimen122
\lst@newlines=\count107
\lst@lineno=\count108
\lst@maxwidth=\dimen123

("C:\Program Files\MiKTeX 2.9\tex\latex\listings\lstmisc.sty"
File: lstmisc.sty 2013/08/26 1.5b (Carsten Heinz)
\c@lstnumber=\count109
\lst@skipnumbers=\count110
\lst@framebox=\box29
)
("C:\Program Files\MiKTeX 2.9\tex\latex\listings\listings.cfg"
File: listings.cfg 2013/08/26 1.5b listings configuration
))
Package: listings 2013/08/26 1.5b (Carsten Heinz)

("C:\Program Files\MiKTeX 2.9\tex\latex\graphics\color.sty"
Package: color 2005/11/14 v1.0j Standard LaTeX Color (DPC)
 ("C:\Program Files\MiKTeX 2.9\tex\latex\00miktex\color.cfg"
File: color.cfg 2007/01/18 v1.5 color configuration of teTeX/TeXLive
)
Package color Info: Driver file: pdftex.def on input line 130.
) ("C:\Documents and Settings\user\Application Data\MiKTeX\2.9\tex\latex\lastpage\lastpage.sty"
Package: lastpage 2013/01/28 v1.2l Refers to last page's name (HMM; JPG)
)
("C:\Program Files\MiKTeX 2.9\tex\latex\ltxmisc\anysize.sty"
Package: anysize 1994/08/13 1.0 Contributed LaTeX2e package

Package: `anysize' 1.0 <1994/08/13>
\@Leftmargin=\dimen124
\@Rightmargin=\dimen125
\@Topmargin=\dimen126
\@Bottommargin=\dimen127
) ("C:\Program Files\MiKTeX 2.9\tex\generic\babel\babel.sty"
Package: babel 2008/07/08 v3.8m The Babel package

*************************************
* Local config file bblopts.cfg used
*
("C:\Program Files\MiKTeX 2.9\tex\latex\00miktex\bblopts.cfg"
File: bblopts.cfg 2006/07/31 v1.0 MiKTeX 'babel' configuration
) ("C:\Documents and Settings\user\Asztal\UAV\TEX\magyar.ldf"
Language: magyar 2007/10/19 v1.5 Magyar support from the babel v3.7 system
 ("C:\Program Files\MiKTeX 2.9\tex\generic\babel\babel.def"
File: babel.def 2008/07/08 v3.8m Babel common definitions
\babel@savecnt=\count111
\U@D=\dimen128
)
Package babel Info: Making ` an active character on input line 2609.
\c@footnote@add=\count112
\c@footnote@ch=\count113
))
("C:\Documents and Settings\user\Application Data\MiKTeX\2.9\tex\latex\sectsty\sectsty.sty"
Package: sectsty 2002/02/25 v2.0.2 Commands to change all sectional heading styles
)
("C:\Documents and Settings\user\Application Data\MiKTeX\2.9\tex\latex\setspace\setspace.sty"
Package: setspace 2011/12/19 v6.7a set line spacing
)
("C:\Documents and Settings\user\Application Data\MiKTeX\2.9\tex\latex\caption\caption.sty"
Package: caption 2013/05/02 v3.3-89 Customizing captions (AR)

("C:\Documents and Settings\user\Application Data\MiKTeX\2.9\tex\latex\caption\caption3.sty"
Package: caption3 2013/05/02 v1.6-88 caption3 kernel (AR)
Package caption3 Info: TeX engine: e-TeX on input line 57.
\captionmargin=\dimen129
\captionmargin@=\dimen130
\captionwidth=\dimen131
\caption@tempdima=\dimen132
\caption@indent=\dimen133
\caption@parindent=\dimen134
\caption@hangindent=\dimen135
)
\c@ContinuedFloat=\count114
Package caption Info: magyar babel option is loaded.
Package caption Info: listings package is loaded.
)
("C:\Program Files\MiKTeX 2.9\tex\latex\hyperref\hyperref.sty"
Package: hyperref 2012/05/13 v6.82q Hypertext links for LaTeX

("C:\Program Files\MiKTeX 2.9\tex\generic\oberdiek\hobsub-hyperref.sty"
Package: hobsub-hyperref 2012/04/25 v1.12 Bundle oberdiek, subset hyperref (HO)

("C:\Program Files\MiKTeX 2.9\tex\generic\oberdiek\hobsub-generic.sty"
Package: hobsub-generic 2012/04/25 v1.12 Bundle oberdiek, subset generic (HO)
Package: hobsub 2012/04/25 v1.12 Construct package bundles (HO)
Package hobsub Info: Skipping package `infwarerr' (already loaded).
Package hobsub Info: Skipping package `ltxcmds' (already loaded).
Package: ifluatex 2010/03/01 v1.3 Provides the ifluatex switch (HO)
Package ifluatex Info: LuaTeX not detected.
Package: ifvtex 2010/03/01 v1.5 Detect VTeX and its facilities (HO)
Package ifvtex Info: VTeX not detected.
Package: intcalc 2007/09/27 v1.1 Expandable calculations with integers (HO)
Package: ifpdf 2011/01/30 v2.3 Provides the ifpdf switch (HO)
Package ifpdf Info: pdfTeX in PDF mode is detected.
Package: etexcmds 2011/02/16 v1.5 Avoid name clashes with e-TeX commands (HO)
Package etexcmds Info: Could not find \expanded.
(etexcmds)             That can mean that you are not using pdfTeX 1.50 or
(etexcmds)             that some package has redefined \expanded.
(etexcmds)             In the latter case, load this package earlier.
Package: kvsetkeys 2012/04/25 v1.16 Key value parser (HO)
Package: kvdefinekeys 2011/04/07 v1.3 Define keys (HO)
Package: pdftexcmds 2011/11/29 v0.20 Utility functions of pdfTeX for LuaTeX (HO)
Package pdftexcmds Info: LuaTeX not detected.
Package pdftexcmds Info: \pdf@primitive is available.
Package pdftexcmds Info: \pdf@ifprimitive is available.
Package pdftexcmds Info: \pdfdraftmode found.
Package: pdfescape 2011/11/25 v1.13 Implements pdfTeX's escape features (HO)
Package: bigintcalc 2012/04/08 v1.3 Expandable calculations on big integers (HO)
Package: bitset 2011/01/30 v1.1 Handle bit-vector datatype (HO)
Package: uniquecounter 2011/01/30 v1.2 Provide unlimited unique counter (HO)
)
Package hobsub Info: Skipping package `hobsub' (already loaded).
Package: letltxmacro 2010/09/02 v1.4 Let assignment for LaTeX macros (HO)
Package: hopatch 2011/06/24 v1.1 Wrapper for package hooks (HO)
Package: xcolor-patch 2011/01/30 xcolor patch
Package: atveryend 2011/06/30 v1.8 Hooks at the very end of document (HO)
Package atveryend Info: \enddocument detected (standard20110627).
Package: atbegshi 2011/10/05 v1.16 At begin shipout hook (HO)
Package: refcount 2011/10/16 v3.4 Data extraction from label references (HO)
Package: hycolor 2011/01/30 v1.7 Color options for hyperref/bookmark (HO)
)
("C:\Program Files\MiKTeX 2.9\tex\generic\ifxetex\ifxetex.sty"
Package: ifxetex 2010/09/12 v0.6 Provides ifxetex conditional
)
("C:\Program Files\MiKTeX 2.9\tex\latex\oberdiek\kvoptions.sty"
Package: kvoptions 2011/06/30 v3.11 Key value format for package options (HO)
)
\@linkdim=\dimen136
\Hy@linkcounter=\count115
\Hy@pagecounter=\count116

("C:\Program Files\MiKTeX 2.9\tex\latex\hyperref\pd1enc.def"
File: pd1enc.def 2012/05/13 v6.82q Hyperref: PDFDocEncoding definition (HO)
)
\Hy@SavedSpaceFactor=\count117

("C:\Program Files\MiKTeX 2.9\tex\latex\00miktex\hyperref.cfg"
File: hyperref.cfg 2002/06/06 v1.2 hyperref configuration of TeXLive
)
Package hyperref Info: Hyper figures OFF on input line 4062.
Package hyperref Info: Link nesting OFF on input line 4067.
Package hyperref Info: Hyper index ON on input line 4070.
Package hyperref Info: Plain pages OFF on input line 4077.
Package hyperref Info: Backreferencing OFF on input line 4082.
Package hyperref Info: Implicit mode ON; LaTeX internals redefined.
Package hyperref Info: Bookmarks ON on input line 4300.
\c@Hy@tempcnt=\count118
 ("C:\Program Files\MiKTeX 2.9\tex\latex\ltxmisc\url.sty"
\Urlmuskip=\muskip11
Package: url 2006/04/12  ver 3.3  Verb mode for urls, etc.
)
LaTeX Info: Redefining \url on input line 4653.
\Fld@menulength=\count119
\Field@Width=\dimen137
\Fld@charsize=\dimen138
Package hyperref Info: Hyper figures OFF on input line 5773.
Package hyperref Info: Link nesting OFF on input line 5778.
Package hyperref Info: Hyper index ON on input line 5781.
Package hyperref Info: backreferencing OFF on input line 5788.
Package hyperref Info: Link coloring OFF on input line 5793.
Package hyperref Info: Link coloring with OCG OFF on input line 5798.
Package hyperref Info: PDF/A mode OFF on input line 5803.
LaTeX Info: Redefining \ref on input line 5843.
LaTeX Info: Redefining \pageref on input line 5847.
\Hy@abspage=\count120
\c@Item=\count121
\c@Hfootnote=\count122
)

Package hyperref Message: Driver (autodetected): hpdftex.

("C:\Program Files\MiKTeX 2.9\tex\latex\hyperref\hpdftex.def"
File: hpdftex.def 2012/05/13 v6.82q Hyperref driver for pdfTeX
\Fld@listcount=\count123
\c@bookmark@seq@number=\count124

("C:\Program Files\MiKTeX 2.9\tex\latex\oberdiek\rerunfilecheck.sty"
Package: rerunfilecheck 2011/04/15 v1.7 Rerun checks for auxiliary files (HO)
Package uniquecounter Info: New unique counter `rerunfilecheck' on input line 282.
)
\Hy@SectionHShift=\skip55
)

Package hyperref Warning: Option `bookmarks' has already been used,
(hyperref)                setting the option has no effect on input line 73.

Package hyperref Info: Option `unicode' set `false' on input line 73.

Package hyperref Warning: Glyph not defined in PD1 encoding,
(hyperref)                removing `\H' on input line 73.

Package hyperref Info: Option `pdfnewwindow' set `true' on input line 73.
Package hyperref Info: Option `colorlinks' set `true' on input line 73.
("C:\Documents and Settings\user\Asztal\UAV\TEX\diploma.aux"
("C:\Documents and Settings\user\Asztal\UAV\TEX\titlepage.aux")
("C:\Documents and Settings\user\Asztal\UAV\TEX\declaration.aux")
("C:\Documents and Settings\user\Asztal\UAV\TEX\abstract.aux")
("C:\Documents and Settings\user\Asztal\UAV\TEX\introduction.aux")
("C:\Documents and Settings\user\Asztal\UAV\TEX\chapter0.aux")
("C:\Documents and Settings\user\Asztal\UAV\TEX\chapter1.aux")
("C:\Documents and Settings\user\Asztal\UAV\TEX\chapter2.aux")
("C:\Documents and Settings\user\Asztal\UAV\TEX\chapter3.aux")
("C:\Documents and Settings\user\Asztal\UAV\TEX\chapter4.aux"

LaTeX Warning: Label `sect:' multiply defined.

) ("C:\Documents and Settings\user\Asztal\UAV\TEX\appendices.aux"))
LaTeX Font Info:    Checking defaults for OML/cmm/m/it on input line 141.
LaTeX Font Info:    ... okay on input line 141.
LaTeX Font Info:    Checking defaults for T1/cmr/m/n on input line 141.
LaTeX Font Info:    ... okay on input line 141.
LaTeX Font Info:    Checking defaults for OT1/cmr/m/n on input line 141.
LaTeX Font Info:    ... okay on input line 141.
LaTeX Font Info:    Checking defaults for OMS/cmsy/m/n on input line 141.
LaTeX Font Info:    ... okay on input line 141.
LaTeX Font Info:    Checking defaults for OMX/cmex/m/n on input line 141.
LaTeX Font Info:    ... okay on input line 141.
LaTeX Font Info:    Checking defaults for U/cmr/m/n on input line 141.
LaTeX Font Info:    ... okay on input line 141.
LaTeX Font Info:    Checking defaults for PD1/pdf/m/n on input line 141.
LaTeX Font Info:    ... okay on input line 141.

("C:\Documents and Settings\user\Application Data\MiKTeX\2.9\tex\context\base\supp-pdf.mkii"
[Loading MPS to PDF converter (version 2006.09.02).]
\scratchcounter=\count125
\scratchdimen=\dimen139
\scratchbox=\box30
\nofMPsegments=\count126
\nofMParguments=\count127
\everyMPshowfont=\toks42
\MPscratchCnt=\count128
\MPscratchDim=\dimen140
\MPnumerator=\count129
\makeMPintoPDFobject=\count130
\everyMPtoPDFconversion=\toks43
)
\c@lstlisting=\count131
Package lastpage Info: Please have a look at the pageslts package at
(lastpage)             http://www.ctan.org/tex-archive/ 
(lastpage)             macros/latex/contrib/pageslts/ 
(lastpage)             or
(lastpage)             http://www.ctan.org/tex-archive/ 
(lastpage)             install/macros/latex/contrib/pageslts.tds.zip
(lastpage)             ! on input line 141.
Package caption Info: Begin \AtBeginDocument code.
Package caption Info: hyperref package is loaded.
Package caption Info: End \AtBeginDocument code.
\AtBeginShipoutBox=\box31
Package hyperref Info: Link coloring ON on input line 141.
 ("C:\Program Files\MiKTeX 2.9\tex\latex\hyperref\nameref.sty"
Package: nameref 2010/04/30 v2.40 Cross-referencing by name of section

("C:\Program Files\MiKTeX 2.9\tex\generic\oberdiek\gettitlestring.sty"
Package: gettitlestring 2010/12/03 v1.4 Cleanup title references (HO)
)
\c@section@level=\count132
)
LaTeX Info: Redefining \ref on input line 141.
LaTeX Info: Redefining \pageref on input line 141.
LaTeX Info: Redefining \nameref on input line 141.

("C:\Documents and Settings\user\Asztal\UAV\TEX\diploma.out") ("C:\Documents and Settings\user\Asztal\UAV\TEX\diploma.ou
t")
\@outlinefile=\write3
 ("C:\Program Files\MiKTeX 2.9\tex\latex\base\report.cls"
LaTeX Info: Redefining \cal on input line 586.
LaTeX Info: Redefining \mit on input line 587.
)
("C:\Documents and Settings\user\Asztal\UAV\TEX\titlepage.tex" <figures/BMElogo.png, id=127, 975.645pt x 273.02pt>
File: figures/BMElogo.png Graphic file (type png)

<use figures/BMElogo.png>
Package pdftex.def Info: figures/BMElogo.png used on input line 6.
(pdftex.def)             Requested size: 170.71652pt x 47.77087pt.
LaTeX Font Info:    Try loading font information for U+msa on input line 17.
 ("C:\Program Files\MiKTeX 2.9\tex\latex\amsfonts\umsa.fd"
File: umsa.fd 2009/06/22 v3.00 AMS symbols A
)
LaTeX Font Info:    Try loading font information for U+msb on input line 17.

("C:\Program Files\MiKTeX 2.9\tex\latex\amsfonts\umsb.fd"
File: umsb.fd 2009/06/22 v3.00 AMS symbols B
) [1



{C:/Documents and Settings/user/Local Settings/Application Data/MiKTeX/2.9/pdftex/config/pdftex.map} <C:/Documents and S
ettings/user/Asztal/UAV/TEX/figures/BMElogo.png>])
("C:\Documents and Settings\user\Asztal\UAV\TEX\diploma.toc"pdfTeX warning (ext4): destination with the same identifier 
(name{page.1}) has been already used, duplicate ignored
<to be read again> 
                   \relax 
l.28 ...on}{\numberline {4.7}GUI}{17}{section.4.7}
                                                   [1




pdfTeX warning: pdflatex.exe: pop empty color page stack 0
])
\tf@toc=\write4
 [2] ("C:\Documents and Settings\user\Asztal\UAV\TEX\declaration.tex" [3

])
("C:\Documents and Settings\user\Asztal\UAV\TEX\abstract.tex" [4




]) [5

]
("C:\Documents and Settings\user\Asztal\UAV\TEX\introduction.tex"

Package hyperref Warning: Glyph not defined in PD1 encoding,
(hyperref)                removing `\H' on input line 2.

) [6



] ("C:\Documents and Settings\user\Asztal\UAV\TEX\chapter0.tex"
1. fejezet.
) [7



] ("C:\Documents and Settings\user\Asztal\UAV\TEX\chapter1.tex"
2. fejezet.

Package hyperref Warning: Glyph not defined in PD1 encoding,
(hyperref)                removing `\H' on input line 1.


Package hyperref Warning: Glyph not defined in PD1 encoding,
(hyperref)                removing `\H' on input line 1.


Package hyperref Warning: Glyph not defined in PD1 encoding,
(hyperref)                removing `\H' on input line 4.

LaTeX Font Info:    Try loading font information for OMS+cmr on input line 10.
("C:\Program Files\MiKTeX 2.9\tex\latex\base\omscmr.fd"
File: omscmr.fd 1999/05/25 v2.5h Standard LaTeX font definitions
)
LaTeX Font Info:    Font shape `OMS/cmr/m/n' in size <10.95> not available
(Font)              Font shape `OMS/cmsy/m/n' tried instead on input line 10.
 <figures/orca.png, id=206, 415.5525pt x 235.63031pt>
File: figures/orca.png Graphic file (type png)

<use figures/orca.png>
Package pdftex.def Info: figures/orca.png used on input line 18.
(pdftex.def)             Requested size: 415.55148pt x 235.62973pt.
 <figures/sys.png, id=208, 6441.06375pt x 4899.30376pt>
File: figures/sys.png Graphic file (type png)
 <use figures/sys.png>
Package pdftex.def Info: figures/sys.png used on input line 27.
(pdftex.def)             Requested size: 6441.04814pt x 4899.29187pt.
 [8



 <C:/Documents and Settings/user/Asztal/UAV/TEX/figures/orca.png>] <figures/xbee.png, id=221, 328.97906pt x 254.45062pt>
File: figures/xbee.png Graphic file (type png)

<use figures/xbee.png>
Package pdftex.def Info: figures/xbee.png used on input line 52.
(pdftex.def)             Requested size: 328.97826pt x 254.45pt.
 [9 <C:/Documents and Settings/user/Asztal/UAV/TEX/figures/sys.png>]
<figures/komplex.png, id=233, 264.99pt x 242.40562pt>
File: figures/komplex.png Graphic file (type png)
 <use figures/komplex.png>
Package pdftex.def Info: figures/komplex.png used on input line 78.
(pdftex.def)             Requested size: 264.98935pt x 242.40501pt.

<figures/hord.png, id=235, 417.81094pt x 424.58624pt>
File: figures/hord.png Graphic file (type png)
 <use figures/hord.png>
Package pdftex.def Info: figures/hord.png used on input line 89.
(pdftex.def)             Requested size: 417.80992pt x 424.5852pt.
 [10 <C:/Documents and Settings/user/Asztal/UAV/TEX/figures/xbee.png>]) [11 <C:/Documents and Settings/user/Asztal/UAV/T
EX/figures/komplex.png> <C:/Documents and Settings/user/Asztal/UAV/TEX/figures/hord.png>] ("C:\Documents and Settings\us
er\Asztal\UAV\TEX\chapter2.tex"
3. fejezet.

Package hyperref Warning: Glyph not defined in PD1 encoding,
(hyperref)                removing `\H' on input line 2.

[12



]

Package hyperref Warning: Glyph not defined in PD1 encoding,
(hyperref)                removing `\H' on input line 46.


Package hyperref Warning: Glyph not defined in PD1 encoding,
(hyperref)                removing `\H' on input line 46.


Package hyperref Warning: Glyph not defined in PD1 encoding,
(hyperref)                removing `\H' on input line 49.


Package hyperref Warning: Glyph not defined in PD1 encoding,
(hyperref)                removing `\H' on input line 49.


Package hyperref Warning: Glyph not defined in PD1 encoding,
(hyperref)                removing `\H' on input line 51.

) [13] ("C:\Documents and Settings\user\Asztal\UAV\TEX\chapter3.tex"
4. fejezet.

Package hyperref Warning: Glyph not defined in PD1 encoding,
(hyperref)                removing `\H' on input line 2.


Package hyperref Warning: Glyph not defined in PD1 encoding,
(hyperref)                removing `\H' on input line 2.


Package hyperref Warning: Glyph not defined in PD1 encoding,
(hyperref)                removing `\H' on input line 6.


Package hyperref Warning: Glyph not defined in PD1 encoding,
(hyperref)                removing `\H' on input line 6.


Package hyperref Warning: Glyph not defined in PD1 encoding,
(hyperref)                removing `\H' on input line 8.

<figures/comnull.png, id=262, 416.30531pt x 362.10281pt>
File: figures/comnull.png Graphic file (type png)
 <use figures/comnull.png>
Package pdftex.def Info: figures/comnull.png used on input line 19.
(pdftex.def)             Requested size: 416.30429pt x 362.10191pt.

<figures/sorossend.png, id=263, 405.01312pt x 287.57437pt>
File: figures/sorossend.png Graphic file (type png)
 <use figures/sorossend.png>
Package pdftex.def Info: figures/sorossend.png used on input line 29.
(pdftex.def)             Requested size: 405.01212pt x 287.57367pt.

<figures/xvi.png, id=264, 575.14874pt x 404.26031pt>
File: figures/xvi.png Graphic file (type png)
 <use figures/xvi.png>
Package pdftex.def Info: figures/xvi.png used on input line 39.
(pdftex.def)             Requested size: 575.14734pt x 404.25932pt.
LaTeX Font Info:    Try loading font information for T1+cmtt on input line 46.

("C:\Program Files\MiKTeX 2.9\tex\latex\base\t1cmtt.fd"
File: t1cmtt.fd 1999/05/25 v2.5h Standard LaTeX font definitions
) [14



] [15 <C:/Documents and Settings/user/Asztal/UAV/TEX/figures/comnull.png> <C:/Documents and Settings/user/Asztal/UAV/TEX
/figures/sorossend.png>]
<figures/ned.png, id=281, 376.40625pt x 362.10281pt>
File: figures/ned.png Graphic file (type png)
 <use figures/ned.png>
Package pdftex.def Info: figures/ned.png used on input line 92.
(pdftex.def)             Requested size: 376.40532pt x 362.10191pt.
 [16 <C:/Documents and Settings/user/Asztal/UAV/TEX/figures/xvi.png>]) [17 <C:/Documents and Settings/user/Asztal/UAV/TE
X/figures/ned.png>] [18]
("C:\Documents and Settings\user\Asztal\UAV\TEX\chapter4.tex"
5. fejezet.
) [19



]
Underfull \hbox (badness 2521) in paragraph at lines 175--176
[]\T1/cmr/m/n/10.95 http://en.wikipedia.org/wiki/Hewitt-Sperry_Automatic_Airplane, 2013. má-jus 4,
 []


Overfull \hbox (80.43513pt too wide) in paragraph at lines 185--186
[]\T1/cmr/m/n/10.95 http://api.ning.com/files/ga5AVWy8xTu8cx9rHdzJ73Epc*dzb0uy*UPe0O8wFxogMF6WNRW8StK3x-
 []


Underfull \hbox (badness 10000) in paragraph at lines 185--186
\T1/cmr/m/n/10.95 xzkG2iBk16kNFpYTZe80NgM8kbXOiyxrEwUXIt/GroundControlStation.pdf,
 []


Underfull \hbox (badness 4193) in paragraph at lines 188--189
[]\T1/cmr/m/n/10.95 http://www.rodiangroup.com/uav-ground-control-station.html, 2013. már-ci-us 19.,
 []


Underfull \hbox (badness 1418) in paragraph at lines 195--196
[]\T1/cmr/m/n/10.95 http://www.vikingaero.com/uav_ground_control_station.html, 2013. már-ci-us 19.,
 []


Underfull \hbox (badness 10000) in paragraph at lines 207--208
[]\T1/cmr/m/n/10.95 http://www.digi.com/products/wireless-wired-embedded-solutions/zigbee-rf-
 []

[20


] ("C:\Documents and Settings\user\Asztal\UAV\TEX\appendices.tex") [21


]
\tf@thm=\write5
 
AED: lastpage setting LastPage
Package atveryend Info: Empty hook `BeforeClearDocument' on input line 217.
Package atveryend Info: Empty hook `AfterLastShipout' on input line 217.
("C:\Documents and Settings\user\Asztal\UAV\TEX\diploma.aux"
("C:\Documents and Settings\user\Asztal\UAV\TEX\titlepage.aux")
("C:\Documents and Settings\user\Asztal\UAV\TEX\declaration.aux")
("C:\Documents and Settings\user\Asztal\UAV\TEX\abstract.aux")
("C:\Documents and Settings\user\Asztal\UAV\TEX\introduction.aux")
("C:\Documents and Settings\user\Asztal\UAV\TEX\chapter0.aux")
("C:\Documents and Settings\user\Asztal\UAV\TEX\chapter1.aux")
("C:\Documents and Settings\user\Asztal\UAV\TEX\chapter2.aux")
("C:\Documents and Settings\user\Asztal\UAV\TEX\chapter3.aux")
("C:\Documents and Settings\user\Asztal\UAV\TEX\chapter4.aux")
("C:\Documents and Settings\user\Asztal\UAV\TEX\appendices.aux"))
Package atveryend Info: Executing hook `AtVeryEndDocument' on input line 217.
Package atveryend Info: Executing hook `AtEndAfterFileList' on input line 217.
Package rerunfilecheck Info: File `diploma.out' has not changed.
(rerunfilecheck)             Checksum: 029CA5D4DFCF9329BD71C46AE52D7240;2306.


LaTeX Warning: There were multiply-defined labels.

Package atveryend Info: Empty hook `AtVeryVeryEnd' on input line 217.
 ) 
Here is how much of TeX's memory you used:
 10123 strings out of 494045
 156295 string characters out of 3148336
 257047 words of memory out of 3000000
 13116 multiletter control sequences out of 15000+200000
 25770 words of font info for 62 fonts, out of 3000000 for 9000
 715 hyphenation exceptions out of 8191
 36i,8n,39p,1268b,491s stack positions out of 5000i,500n,10000p,200000b,50000s
 <C:\Documents and Settings\user\Local Settings\Application Data\MiKTeX\2.9\fonts\pk\ljfour\jknappen\ec\dpi600\ectt109
5.pk> <C:\Documents and Settings\user\Local Settings\Application Data\MiKTeX\2.9\fonts\pk\ljfour\jknappen\ec\dpi600\ecti
0900.pk> <C:\Documents and Settings\user\Local Settings\Application Data\MiKTeX\2.9\fonts\pk\ljfour\jknappen\ec\dpi600\e
crm0900.pk> <C:\Documents and Settings\user\Local Settings\Application Data\MiKTeX\2.9\fonts\pk\ljfour\jknappen\ec\dpi60
0\ecrm0600.pk> <C:\Documents and Settings\user\Local Settings\Application Data\MiKTeX\2.9\fonts\pk\ljfour\jknappen\ec\dp
i600\ecrm0800.pk> <C:\Documents and Settings\user\Local Settings\Application Data\MiKTeX\2.9\fonts\pk\ljfour\jknappen\ec
\dpi600\ecbx1000.pk> <C:\Documents and Settings\user\Local Settings\Application Data\MiKTeX\2.9\fonts\pk\ljfour\jknappen
\ec\dpi600\ecbx1200.pk> <C:\Documents and Settings\user\Local Settings\Application Data\MiKTeX\2.9\fonts\pk\ljfour\jknap
pen\ec\dpi600\ecbx2488.pk> <C:\Documents and Settings\user\Local Settings\Application Data\MiKTeX\2.9\fonts\pk\ljfour\jk
nappen\ec\dpi600\ecrm1200.pk> <C:\Documents and Settings\user\Local Settings\Application Data\MiKTeX\2.9\fonts\pk\ljfour
\jknappen\ec\dpi600\ecti1095.pk> <C:\Documents and Settings\user\Local Settings\Application Data\MiKTeX\2.9\fonts\pk\ljf
our\jknappen\ec\dpi600\eccc1440.pk> <C:\Documents and Settings\user\Local Settings\Application Data\MiKTeX\2.9\fonts\pk\
ljfour\jknappen\ec\dpi600\ecbx2074.pk> <C:\Documents and Settings\user\Local Settings\Application Data\MiKTeX\2.9\fonts\
pk\ljfour\jknappen\ec\dpi600\ecrm1095.pk> <C:\Documents and Settings\user\Local Settings\Application Data\MiKTeX\2.9\fon
ts\pk\ljfour\jknappen\ec\dpi600\ecbx1095.pk><C:/Program Files/MiKTeX 2.9/fonts/type1/public/amsfonts/cm/cmex10.pfb><C:/P
rogram Files/MiKTeX 2.9/fonts/type1/public/amsfonts/cm/cmmi10.pfb><C:/Program Files/MiKTeX 2.9/fonts/type1/public/amsfon
ts/cm/cmmi8.pfb><C:/Program Files/MiKTeX 2.9/fonts/type1/public/amsfonts/cm/cmr10.pfb><C:/Program Files/MiKTeX 2.9/fonts
/type1/public/amsfonts/cm/cmr6.pfb><C:/Program Files/MiKTeX 2.9/fonts/type1/public/amsfonts/cm/cmr8.pfb><C:/Program File
s/MiKTeX 2.9/fonts/type1/public/amsfonts/cm/cmsy10.pfb>
Output written on diploma.pdf (22 pages, 2259264 bytes).
PDF statistics:
 874 PDF objects out of 1000 (max. 8388607)
 80 named destinations out of 1000 (max. 500000)
 299 words of extra memory for PDF output out of 10000 (max. 10000000)

